<?xml version="1.0" encoding="UTF-8"?>
<coverage generated="1668034182302" clover="3.2.0">
  <project timestamp="1668034182302" name="All files">
    <metrics statements="44" coveredstatements="42" conditionals="10" coveredconditionals="8" methods="9" coveredmethods="9" elements="63" coveredelements="59" complexity="0" loc="44" ncloc="44" packages="1" files="2" classes="2"/>
    <file name="user-services.js" path="/Users/berkeleyreynolds/Documents/calpoly/fall2022/csc307/groupProject/307-Project/backend/models/user-services.js">
      <metrics statements="39" coveredstatements="37" conditionals="6" coveredconditionals="4" methods="7" coveredmethods="7"/>
      <line num="1" count="1" type="stmt"/>
      <line num="2" count="1" type="stmt"/>
      <line num="3" count="1" type="stmt"/>
      <line num="8" count="1" type="stmt"/>
      <line num="9" count="1" type="stmt"/>
      <line num="13" count="30" type="cond" truecount="1" falsecount="1"/>
      <line num="14" count="0" type="stmt"/>
      <line num="19" count="30" type="stmt"/>
      <line num="23" count="5" type="stmt"/>
      <line num="25" count="5" type="cond" truecount="3" falsecount="1"/>
      <line num="26" count="5" type="stmt"/>
      <line num="28" count="0" type="stmt"/>
      <line num="30" count="5" type="stmt"/>
      <line num="34" count="9" type="stmt"/>
      <line num="35" count="9" type="stmt"/>
      <line num="38" count="3" type="stmt"/>
      <line num="39" count="3" type="stmt"/>
      <line num="40" count="3" type="stmt"/>
      <line num="42" count="1" type="stmt"/>
      <line num="43" count="1" type="stmt"/>
      <line num="49" count="11" type="stmt"/>
      <line num="50" count="11" type="stmt"/>
      <line num="53" count="11" type="stmt"/>
      <line num="54" count="11" type="stmt"/>
      <line num="55" count="4" type="stmt"/>
      <line num="57" count="7" type="stmt"/>
      <line num="58" count="7" type="stmt"/>
      <line num="73" count="2" type="stmt"/>
      <line num="74" count="2" type="stmt"/>
      <line num="75" count="2" type="stmt"/>
      <line num="76" count="1" type="stmt"/>
      <line num="78" count="1" type="stmt"/>
      <line num="79" count="1" type="stmt"/>
      <line num="83" count="1" type="stmt"/>
      <line num="84" count="1" type="stmt"/>
      <line num="85" count="1" type="stmt"/>
      <line num="86" count="1" type="stmt"/>
      <line num="87" count="1" type="stmt"/>
      <line num="88" count="1" type="stmt"/>
    </file>
    <file name="user.js" path="/Users/berkeleyreynolds/Documents/calpoly/fall2022/csc307/groupProject/307-Project/backend/models/user.js">
      <metrics statements="5" coveredstatements="5" conditionals="4" coveredconditionals="4" methods="2" coveredmethods="2"/>
      <line num="2" count="1" type="stmt"/>
      <line num="4" count="1" type="stmt"/>
      <line num="15" count="95" type="cond" truecount="2" falsecount="0"/>
      <line num="23" count="95" type="cond" truecount="2" falsecount="0"/>
      <line num="28" count="1" type="stmt"/>
    </file>
  </project>
</coverage>
