<?xml version="1.0" encoding="UTF-8"?>
<coverage generated="1668035658820" clover="3.2.0">
  <project timestamp="1668035658820" name="All files">
    <metrics statements="30" coveredstatements="28" conditionals="10" coveredconditionals="8" methods="7" coveredmethods="7" elements="47" coveredelements="43" complexity="0" loc="30" ncloc="30" packages="1" files="2" classes="2"/>
    <file name="user-services.js" path="C:\Users\benbe\calpoly\csc307\307-Project\backend\models\user-services.js">
      <metrics statements="25" coveredstatements="23" conditionals="6" coveredconditionals="4" methods="5" coveredmethods="5"/>
      <line num="1" count="1" type="stmt"/>
      <line num="2" count="1" type="stmt"/>
      <line num="3" count="1" type="stmt"/>
      <line num="8" count="1" type="stmt"/>
      <line num="9" count="1" type="stmt"/>
      <line num="13" count="18" type="cond" truecount="1" falsecount="1"/>
      <line num="14" count="0" type="stmt"/>
      <line num="19" count="18" type="stmt"/>
      <line num="25" count="5" type="cond" truecount="3" falsecount="1"/>
      <line num="26" count="5" type="stmt"/>
      <line num="28" count="0" type="stmt"/>
      <line num="30" count="5" type="stmt"/>
      <line num="34" count="9" type="stmt"/>
      <line num="35" count="9" type="stmt"/>
      <line num="49" count="9" type="stmt"/>
      <line num="50" count="9" type="stmt"/>
      <line num="53" count="9" type="stmt"/>
      <line num="54" count="9" type="stmt"/>
      <line num="55" count="2" type="stmt"/>
      <line num="57" count="7" type="stmt"/>
      <line num="58" count="7" type="stmt"/>
      <line num="83" count="1" type="stmt"/>
      <line num="85" count="1" type="stmt"/>
      <line num="87" count="1" type="stmt"/>
      <line num="88" count="1" type="stmt"/>
    </file>
    <file name="user.js" path="C:\Users\benbe\calpoly\csc307\307-Project\backend\models\user.js">
      <metrics statements="5" coveredstatements="5" conditionals="4" coveredconditionals="4" methods="2" coveredmethods="2"/>
      <line num="1" count="1" type="stmt"/>
      <line num="3" count="1" type="stmt"/>
      <line num="15" count="72" type="cond" truecount="2" falsecount="0"/>
      <line num="23" count="72" type="cond" truecount="2" falsecount="0"/>
      <line num="30" count="1" type="stmt"/>
    </file>
  </project>
</coverage>
