{"/Users/alishaikh/Desktop/307/307-Project/backend/models/user-services.js": {"path":"/Users/alishaikh/Desktop/307/307-Project/backend/models/user-services.js","statementMap":{"0":{"start":{"line":1,"column":17},"end":{"line":1,"column":36}},"1":{"start":{"line":2,"column":19},"end":{"line":2,"column":36}},"2":{"start":{"line":3,"column":0},"end":{"line":3,"column":27}},"3":{"start":{"line":8,"column":2},"end":{"line":8,"column":25}},"4":{"start":{"line":9,"column":2},"end":{"line":9,"column":22}},"5":{"start":{"line":13,"column":2},"end":{"line":18,"column":3}},"6":{"start":{"line":14,"column":4},"end":{"line":17,"column":7}},"7":{"start":{"line":19,"column":2},"end":{"line":19,"column":22}},"8":{"start":{"line":23,"column":20},"end":{"line":23,"column":63}},"9":{"start":{"line":25,"column":2},"end":{"line":29,"column":3}},"10":{"start":{"line":26,"column":4},"end":{"line":26,"column":48}},"11":{"start":{"line":28,"column":4},"end":{"line":28,"column":40}},"12":{"start":{"line":30,"column":2},"end":{"line":30,"column":16}},"13":{"start":{"line":34,"column":20},"end":{"line":34,"column":63}},"14":{"start":{"line":35,"column":2},"end":{"line":35,"column":74}},"15":{"start":{"line":38,"column":20},"end":{"line":38,"column":63}},"16":{"start":{"line":39,"column":2},"end":{"line":44,"column":3}},"17":{"start":{"line":40,"column":4},"end":{"line":40,"column":40}},"18":{"start":{"line":42,"column":4},"end":{"line":42,"column":23}},"19":{"start":{"line":43,"column":4},"end":{"line":43,"column":21}},"20":{"start":{"line":49,"column":20},"end":{"line":49,"column":63}},"21":{"start":{"line":50,"column":2},"end":{"line":59,"column":3}},"22":{"start":{"line":53,"column":22},"end":{"line":53,"column":41}},"23":{"start":{"line":54,"column":22},"end":{"line":54,"column":44}},"24":{"start":{"line":55,"column":4},"end":{"line":55,"column":21}},"25":{"start":{"line":57,"column":4},"end":{"line":57,"column":23}},"26":{"start":{"line":58,"column":4},"end":{"line":58,"column":17}},"27":{"start":{"line":73,"column":20},"end":{"line":73,"column":63}},"28":{"start":{"line":74,"column":2},"end":{"line":80,"column":3}},"29":{"start":{"line":75,"column":19},"end":{"line":75,"column":56}},"30":{"start":{"line":76,"column":4},"end":{"line":76,"column":18}},"31":{"start":{"line":78,"column":4},"end":{"line":78,"column":23}},"32":{"start":{"line":79,"column":4},"end":{"line":79,"column":14}},"33":{"start":{"line":83,"column":0},"end":{"line":83,"column":28}},"34":{"start":{"line":84,"column":0},"end":{"line":84,"column":36}},"35":{"start":{"line":85,"column":0},"end":{"line":85,"column":26}},"36":{"start":{"line":86,"column":0},"end":{"line":86,"column":40}},"37":{"start":{"line":87,"column":0},"end":{"line":87,"column":38}},"38":{"start":{"line":88,"column":0},"end":{"line":88,"column":28}}},"fnMap":{"0":{"name":"setConnection","decl":{"start":{"line":7,"column":9},"end":{"line":7,"column":22}},"loc":{"start":{"line":7,"column":31},"end":{"line":10,"column":1}},"line":7},"1":{"name":"getDbConnection","decl":{"start":{"line":12,"column":9},"end":{"line":12,"column":24}},"loc":{"start":{"line":12,"column":27},"end":{"line":20,"column":1}},"line":12},"2":{"name":"getUsers","decl":{"start":{"line":22,"column":15},"end":{"line":22,"column":23}},"loc":{"start":{"line":22,"column":44},"end":{"line":31,"column":1}},"line":22},"3":{"name":"findUser","decl":{"start":{"line":33,"column":15},"end":{"line":33,"column":23}},"loc":{"start":{"line":33,"column":44},"end":{"line":36,"column":1}},"line":33},"4":{"name":"findUserById","decl":{"start":{"line":37,"column":15},"end":{"line":37,"column":27}},"loc":{"start":{"line":37,"column":32},"end":{"line":45,"column":1}},"line":37},"5":{"name":"addUser","decl":{"start":{"line":47,"column":15},"end":{"line":47,"column":22}},"loc":{"start":{"line":47,"column":29},"end":{"line":60,"column":1}},"line":47},"6":{"name":"removeUserById","decl":{"start":{"line":72,"column":15},"end":{"line":72,"column":29}},"loc":{"start":{"line":72,"column":34},"end":{"line":81,"column":1}},"line":72}},"branchMap":{"0":{"loc":{"start":{"line":13,"column":2},"end":{"line":18,"column":3}},"type":"if","locations":[{"start":{"line":13,"column":2},"end":{"line":18,"column":3}},{"start":{},"end":{}}],"line":13},"1":{"loc":{"start":{"line":25,"column":2},"end":{"line":29,"column":3}},"type":"if","locations":[{"start":{"line":25,"column":2},"end":{"line":29,"column":3}},{"start":{"line":27,"column":9},"end":{"line":29,"column":3}}],"line":25},"2":{"loc":{"start":{"line":25,"column":6},"end":{"line":25,"column":26}},"type":"binary-expr","locations":[{"start":{"line":25,"column":6},"end":{"line":25,"column":14}},{"start":{"line":25,"column":18},"end":{"line":25,"column":26}}],"line":25}},"s":{"0":1,"1":1,"2":1,"3":1,"4":1,"5":30,"6":0,"7":30,"8":5,"9":5,"10":5,"11":0,"12":5,"13":9,"14":9,"15":3,"16":3,"17":3,"18":1,"19":1,"20":11,"21":11,"22":11,"23":11,"24":4,"25":7,"26":7,"27":2,"28":2,"29":2,"30":1,"31":1,"32":1,"33":1,"34":1,"35":1,"36":1,"37":1,"38":1},"f":{"0":1,"1":30,"2":5,"3":9,"4":3,"5":11,"6":2},"b":{"0":[0,30],"1":[5,0],"2":[5,5]},"_coverageSchema":"1a1c01bbd47fc00a2c39e90264f33305004495a9","hash":"2aaad38a902fcb7449864e883189db62fc1b0941"}
,"/Users/alishaikh/Desktop/307/307-Project/backend/models/user.js": {"path":"/Users/alishaikh/Desktop/307/307-Project/backend/models/user.js","statementMap":{"0":{"start":{"line":2,"column":17},"end":{"line":2,"column":36}},"1":{"start":{"line":4,"column":19},"end":{"line":26,"column":31}},"2":{"start":{"line":15,"column":6},"end":{"line":15,"column":65}},"3":{"start":{"line":15,"column":28},"end":{"line":15,"column":65}},"4":{"start":{"line":23,"column":6},"end":{"line":23,"column":65}},"5":{"start":{"line":23,"column":28},"end":{"line":23,"column":65}},"6":{"start":{"line":28,"column":0},"end":{"line":28,"column":28}}},"fnMap":{"0":{"name":"(anonymous_0)","decl":{"start":{"line":14,"column":4},"end":{"line":14,"column":5}},"loc":{"start":{"line":14,"column":20},"end":{"line":16,"column":5}},"line":14},"1":{"name":"(anonymous_1)","decl":{"start":{"line":22,"column":4},"end":{"line":22,"column":5}},"loc":{"start":{"line":22,"column":20},"end":{"line":24,"column":5}},"line":22}},"branchMap":{"0":{"loc":{"start":{"line":15,"column":6},"end":{"line":15,"column":65}},"type":"if","locations":[{"start":{"line":15,"column":6},"end":{"line":15,"column":65}},{"start":{},"end":{}}],"line":15},"1":{"loc":{"start":{"line":23,"column":6},"end":{"line":23,"column":65}},"type":"if","locations":[{"start":{"line":23,"column":6},"end":{"line":23,"column":65}},{"start":{},"end":{}}],"line":23}},"s":{"0":1,"1":1,"2":95,"3":1,"4":95,"5":1,"6":1},"f":{"0":95,"1":95},"b":{"0":[1,94],"1":[1,94]},"_coverageSchema":"1a1c01bbd47fc00a2c39e90264f33305004495a9","hash":"891138e2995ef261cfcb525ddeca07e3a2568bd4"}
}
