{"C:\\Users\\benbe\\calpoly\\csc307\\307-Project\\backend\\models\\user-services.js": {"path":"C:\\Users\\benbe\\calpoly\\csc307\\307-Project\\backend\\models\\user-services.js","statementMap":{"0":{"start":{"line":1,"column":17},"end":{"line":1,"column":36}},"1":{"start":{"line":2,"column":19},"end":{"line":2,"column":36}},"2":{"start":{"line":3,"column":0},"end":{"line":3,"column":27}},"3":{"start":{"line":8,"column":2},"end":{"line":8,"column":25}},"4":{"start":{"line":9,"column":2},"end":{"line":9,"column":22}},"5":{"start":{"line":13,"column":2},"end":{"line":18,"column":3}},"6":{"start":{"line":14,"column":4},"end":{"line":17,"column":7}},"7":{"start":{"line":19,"column":2},"end":{"line":19,"column":22}},"8":{"start":{"line":25,"column":2},"end":{"line":29,"column":3}},"9":{"start":{"line":26,"column":4},"end":{"line":26,"column":48}},"10":{"start":{"line":28,"column":4},"end":{"line":28,"column":40}},"11":{"start":{"line":30,"column":2},"end":{"line":30,"column":16}},"12":{"start":{"line":34,"column":20},"end":{"line":34,"column":63}},"13":{"start":{"line":35,"column":2},"end":{"line":35,"column":74}},"14":{"start":{"line":49,"column":20},"end":{"line":49,"column":63}},"15":{"start":{"line":50,"column":2},"end":{"line":59,"column":3}},"16":{"start":{"line":53,"column":22},"end":{"line":53,"column":41}},"17":{"start":{"line":54,"column":22},"end":{"line":54,"column":44}},"18":{"start":{"line":55,"column":4},"end":{"line":55,"column":21}},"19":{"start":{"line":57,"column":4},"end":{"line":57,"column":23}},"20":{"start":{"line":58,"column":4},"end":{"line":58,"column":17}},"21":{"start":{"line":83,"column":0},"end":{"line":83,"column":28}},"22":{"start":{"line":85,"column":0},"end":{"line":85,"column":26}},"23":{"start":{"line":87,"column":0},"end":{"line":87,"column":38}},"24":{"start":{"line":88,"column":0},"end":{"line":88,"column":28}}},"fnMap":{"0":{"name":"setConnection","decl":{"start":{"line":7,"column":9},"end":{"line":7,"column":22}},"loc":{"start":{"line":7,"column":32},"end":{"line":10,"column":1}},"line":7},"1":{"name":"getDbConnection","decl":{"start":{"line":12,"column":9},"end":{"line":12,"column":24}},"loc":{"start":{"line":12,"column":27},"end":{"line":20,"column":1}},"line":12},"2":{"name":"getUsers","decl":{"start":{"line":22,"column":15},"end":{"line":22,"column":23}},"loc":{"start":{"line":22,"column":44},"end":{"line":31,"column":1}},"line":22},"3":{"name":"findUser","decl":{"start":{"line":33,"column":15},"end":{"line":33,"column":23}},"loc":{"start":{"line":33,"column":44},"end":{"line":36,"column":1}},"line":33},"4":{"name":"addUser","decl":{"start":{"line":47,"column":15},"end":{"line":47,"column":22}},"loc":{"start":{"line":47,"column":29},"end":{"line":60,"column":1}},"line":47}},"branchMap":{"0":{"loc":{"start":{"line":13,"column":2},"end":{"line":18,"column":3}},"type":"if","locations":[{"start":{"line":13,"column":2},"end":{"line":18,"column":3}},{"start":{},"end":{}}],"line":13},"1":{"loc":{"start":{"line":25,"column":2},"end":{"line":29,"column":3}},"type":"if","locations":[{"start":{"line":25,"column":2},"end":{"line":29,"column":3}},{"start":{"line":27,"column":9},"end":{"line":29,"column":3}}],"line":25},"2":{"loc":{"start":{"line":25,"column":6},"end":{"line":25,"column":26}},"type":"binary-expr","locations":[{"start":{"line":25,"column":6},"end":{"line":25,"column":14}},{"start":{"line":25,"column":18},"end":{"line":25,"column":26}}],"line":25}},"s":{"0":1,"1":1,"2":1,"3":1,"4":1,"5":18,"6":0,"7":18,"8":5,"9":5,"10":0,"11":5,"12":9,"13":9,"14":9,"15":9,"16":9,"17":9,"18":2,"19":7,"20":7,"21":1,"22":1,"23":1,"24":1},"f":{"0":1,"1":18,"2":5,"3":9,"4":9},"b":{"0":[0,18],"1":[5,0],"2":[5,5]},"_coverageSchema":"1a1c01bbd47fc00a2c39e90264f33305004495a9","hash":"5d76b4f037fc5649486634bbd7331c8d1fecfed5"}
,"C:\\Users\\benbe\\calpoly\\csc307\\307-Project\\backend\\models\\user.js": {"path":"C:\\Users\\benbe\\calpoly\\csc307\\307-Project\\backend\\models\\user.js","statementMap":{"0":{"start":{"line":1,"column":17},"end":{"line":1,"column":36}},"1":{"start":{"line":3,"column":19},"end":{"line":28,"column":1}},"2":{"start":{"line":15,"column":8},"end":{"line":15,"column":67}},"3":{"start":{"line":15,"column":30},"end":{"line":15,"column":67}},"4":{"start":{"line":23,"column":8},"end":{"line":23,"column":67}},"5":{"start":{"line":23,"column":30},"end":{"line":23,"column":67}},"6":{"start":{"line":30,"column":0},"end":{"line":30,"column":28}}},"fnMap":{"0":{"name":"(anonymous_0)","decl":{"start":{"line":14,"column":6},"end":{"line":14,"column":7}},"loc":{"start":{"line":14,"column":22},"end":{"line":16,"column":7}},"line":14},"1":{"name":"(anonymous_1)","decl":{"start":{"line":22,"column":6},"end":{"line":22,"column":7}},"loc":{"start":{"line":22,"column":22},"end":{"line":24,"column":7}},"line":22}},"branchMap":{"0":{"loc":{"start":{"line":15,"column":8},"end":{"line":15,"column":67}},"type":"if","locations":[{"start":{"line":15,"column":8},"end":{"line":15,"column":67}},{"start":{},"end":{}}],"line":15},"1":{"loc":{"start":{"line":23,"column":8},"end":{"line":23,"column":67}},"type":"if","locations":[{"start":{"line":23,"column":8},"end":{"line":23,"column":67}},{"start":{},"end":{}}],"line":23}},"s":{"0":1,"1":1,"2":72,"3":1,"4":72,"5":1,"6":1},"f":{"0":72,"1":72},"b":{"0":[1,71],"1":[1,71]},"_coverageSchema":"1a1c01bbd47fc00a2c39e90264f33305004495a9","hash":"6fc3963c8d1122bc79ae49a1292f8445a454af5a"}
}
