TN:
SF:models\user-services.js
FN:7,setConnection
FN:12,getDbConnection
FN:22,getUsers
FN:33,findUser
FN:47,addUser
FNF:5
FNH:5
FNDA:1,setConnection
FNDA:18,getDbConnection
FNDA:5,getUsers
FNDA:9,findUser
FNDA:9,addUser
DA:1,1
DA:2,1
DA:3,1
DA:8,1
DA:9,1
DA:13,18
DA:14,0
DA:19,18
DA:25,5
DA:26,5
DA:28,0
DA:30,5
DA:34,9
DA:35,9
DA:49,9
DA:50,9
DA:53,9
DA:54,9
DA:55,2
DA:57,7
DA:58,7
DA:83,1
DA:85,1
DA:87,1
DA:88,1
LF:25
LH:23
BRDA:13,0,0,0
BRDA:13,0,1,18
BRDA:25,1,0,5
BRDA:25,1,1,0
BRDA:25,2,0,5
BRDA:25,2,1,5
BRF:6
BRH:4
end_of_record
TN:
SF:models\user.js
FN:14,(anonymous_0)
FN:22,(anonymous_1)
FNF:2
FNH:2
FNDA:72,(anonymous_0)
FNDA:72,(anonymous_1)
DA:1,1
DA:3,1
DA:15,72
DA:23,72
DA:30,1
LF:5
LH:5
BRDA:15,0,0,1
BRDA:15,0,1,71
BRDA:23,1,0,1
BRDA:23,1,1,71
BRF:4
BRH:4
end_of_record
