TN:
SF:user-services.js
FN:7,setConnection
FN:12,getDbConnection
FN:22,getUsers
FN:33,findUser
FN:37,findUserById
FN:47,addUser
FN:72,removeUserById
FNF:7
FNH:7
FNDA:1,setConnection
FNDA:30,getDbConnection
FNDA:5,getUsers
FNDA:9,findUser
FNDA:3,findUserById
FNDA:11,addUser
FNDA:2,removeUserById
DA:1,1
DA:2,1
DA:3,1
DA:8,1
DA:9,1
DA:13,30
DA:14,0
DA:19,30
DA:23,5
DA:25,5
DA:26,5
DA:28,0
DA:30,5
DA:34,9
DA:35,9
DA:38,3
DA:39,3
DA:40,3
DA:42,1
DA:43,1
DA:49,11
DA:50,11
DA:53,11
DA:54,11
DA:55,4
DA:57,7
DA:58,7
DA:73,2
DA:74,2
DA:75,2
DA:76,1
DA:78,1
DA:79,1
DA:83,1
DA:84,1
DA:85,1
DA:86,1
DA:87,1
DA:88,1
LF:39
LH:37
BRDA:13,0,0,0
BRDA:13,0,1,30
BRDA:25,1,0,5
BRDA:25,1,1,0
BRDA:25,2,0,5
BRDA:25,2,1,5
BRF:6
BRH:4
end_of_record
TN:
SF:user.js
FN:14,(anonymous_0)
FN:22,(anonymous_1)
FNF:2
FNH:2
FNDA:95,(anonymous_0)
FNDA:95,(anonymous_1)
DA:2,1
DA:4,1
DA:15,95
DA:23,95
DA:28,1
LF:5
LH:5
BRDA:15,0,0,1
BRDA:15,0,1,94
BRDA:23,1,0,1
BRDA:23,1,1,94
BRF:4
BRH:4
end_of_record
